Streaming transaction logs mentioning F6NKeaoPbchYnbcJZ5YSAqfMcHuP7GLExTuDK3qmgtgW. Confirmed commitment
Transaction executed in slot 4:
  Signature: 23bLRmmiLTySDASxYia1WrE6b3pWomDUMDe7NKa9MQA3rh2vnt3xsJGuMyHSnih6dLDS4TDxdrXQ5wQ1kdmn3MK9
  Status: Ok
  Log Messages:
    Program F6NKeaoPbchYnbcJZ5YSAqfMcHuP7GLExTuDK3qmgtgW invoke [1]
    Program log: Instruction: Initialize
    Program 11111111111111111111111111111111 invoke [2]
    Program 11111111111111111111111111111111 success
    Program F6NKeaoPbchYnbcJZ5YSAqfMcHuP7GLExTuDK3qmgtgW consumed 8617 of 200000 compute units
    Program F6NKeaoPbchYnbcJZ5YSAqfMcHuP7GLExTuDK3qmgtgW success
Transaction executed in slot 5:
  Signature: 2PyyCHub8Aso6ThX6uwXmrPPZTXAzkjLnDFeQm8crAm7aqzVNhp7JfLabS2jtYGyrYYeMvo9b6phWdouLwMesiRu
  Status: Ok
  Log Messages:
    Program F6NKeaoPbchYnbcJZ5YSAqfMcHuP7GLExTuDK3qmgtgW invoke [1]
    Program log: Instruction: Initialize
    Program 11111111111111111111111111111111 invoke [2]
    Program 11111111111111111111111111111111 success
    Program F6NKeaoPbchYnbcJZ5YSAqfMcHuP7GLExTuDK3qmgtgW consumed 12961 of 200000 compute units
    Program F6NKeaoPbchYnbcJZ5YSAqfMcHuP7GLExTuDK3qmgtgW success
Transaction executed in slot 6:
  Signature: TSa9UaQeSaULYHxSpTjLqGPAjbGmd4jckjTzCpauyoAbF5HfCJoAhRCPeSoWCYMYzpKhZRe8tmi62cK6TGxZD7s
  Status: Ok
  Log Messages:
    Program F6NKeaoPbchYnbcJZ5YSAqfMcHuP7GLExTuDK3qmgtgW invoke [1]
    Program log: Instruction: Initialize
    Program 11111111111111111111111111111111 invoke [2]
    Program 11111111111111111111111111111111 success
    Program F6NKeaoPbchYnbcJZ5YSAqfMcHuP7GLExTuDK3qmgtgW consumed 13389 of 200000 compute units
    Program F6NKeaoPbchYnbcJZ5YSAqfMcHuP7GLExTuDK3qmgtgW success
Transaction executed in slot 7:
  Signature: ThUcj2efAqfM7c5WQJQUwyPHsSoE5EGCj1wFHqnWfpuKvqQZCz7SLMhovncfjQc441Vivqqw32A46cABgQXBb8V
  Status: Ok
  Log Messages:
    Program F6NKeaoPbchYnbcJZ5YSAqfMcHuP7GLExTuDK3qmgtgW invoke [1]
    Program log: Instruction: Initialize
    Program 11111111111111111111111111111111 invoke [2]
    Program 11111111111111111111111111111111 success
    Program F6NKeaoPbchYnbcJZ5YSAqfMcHuP7GLExTuDK3qmgtgW consumed 11292 of 200000 compute units
    Program F6NKeaoPbchYnbcJZ5YSAqfMcHuP7GLExTuDK3qmgtgW success
Transaction executed in slot 8:
  Signature: 2mCWciNKjMUupoFF1KFSiXYTMD2vfj9DF4qRfmLyvBQCPXNdqCNe8wGG4rEJHH9T6QTHwFV2vbALRjXMp8YGJKZ1
  Status: Ok
  Log Messages:
    Program F6NKeaoPbchYnbcJZ5YSAqfMcHuP7GLExTuDK3qmgtgW invoke [1]
    Program log: Instruction: Initialize
    Program 11111111111111111111111111111111 invoke [2]
    Program 11111111111111111111111111111111 success
    Program F6NKeaoPbchYnbcJZ5YSAqfMcHuP7GLExTuDK3qmgtgW consumed 8136 of 200000 compute units
    Program F6NKeaoPbchYnbcJZ5YSAqfMcHuP7GLExTuDK3qmgtgW success
Transaction executed in slot 9:
  Signature: 4yfNrxjMa4RJJVxhU8CCEytyFzZmUkfSWeyvNatGMu8NWFN7P15XTEMd8in3tPR292m53jacLE7HHswMhotw8kAW
  Status: Ok
  Log Messages:
    Program F6NKeaoPbchYnbcJZ5YSAqfMcHuP7GLExTuDK3qmgtgW invoke [1]
    Program log: Instruction: Initialize
    Program 11111111111111111111111111111111 invoke [2]
    Program 11111111111111111111111111111111 success
    Program F6NKeaoPbchYnbcJZ5YSAqfMcHuP7GLExTuDK3qmgtgW consumed 8680 of 200000 compute units
    Program F6NKeaoPbchYnbcJZ5YSAqfMcHuP7GLExTuDK3qmgtgW success
Transaction executed in slot 10:
  Signature: 4oicdDmp82VcL2hRUPwzoV6A2DonkNVijeUyBpydMUX5hL99L1hMxceYVYdkxUenTem9xY7yaARcroxCCnXMJD9d
  Status: Ok
  Log Messages:
    Program F6NKeaoPbchYnbcJZ5YSAqfMcHuP7GLExTuDK3qmgtgW invoke [1]
    Program log: Instruction: Initialize
    Program 11111111111111111111111111111111 invoke [2]
    Program 11111111111111111111111111111111 success
    Program F6NKeaoPbchYnbcJZ5YSAqfMcHuP7GLExTuDK3qmgtgW consumed 11551 of 200000 compute units
    Program F6NKeaoPbchYnbcJZ5YSAqfMcHuP7GLExTuDK3qmgtgW success
Transaction executed in slot 12:
  Signature: 4mUmcpU9gCtXkQtRSvEXnSNjku28Nw5UJJdSC2yQemZ3B9EFPwJv2L7PeBaGLXmJq8Tk9gtMig6ALZ9WmjnRssYE
  Status: Ok
  Log Messages:
    Program F6NKeaoPbchYnbcJZ5YSAqfMcHuP7GLExTuDK3qmgtgW invoke [1]
    Program log: Instruction: Initialize
    Program 11111111111111111111111111111111 invoke [2]
    Program 11111111111111111111111111111111 success
    Program F6NKeaoPbchYnbcJZ5YSAqfMcHuP7GLExTuDK3qmgtgW consumed 8606 of 200000 compute units
    Program F6NKeaoPbchYnbcJZ5YSAqfMcHuP7GLExTuDK3qmgtgW success
Transaction executed in slot 14:
  Signature: 3Z64hVsk9f8MSkJ5Y5mLgMrcPjodKzJJknVMHpBTQcvLGEGjk5hgmc4m9wGNizjqML5VDpSpeBpsFMxy8h5tAmrh
  Status: Ok
  Log Messages:
    Program F6NKeaoPbchYnbcJZ5YSAqfMcHuP7GLExTuDK3qmgtgW invoke [1]
    Program log: Instruction: LikeTweet
    Program 11111111111111111111111111111111 invoke [2]
    Program 11111111111111111111111111111111 success
    Program F6NKeaoPbchYnbcJZ5YSAqfMcHuP7GLExTuDK3qmgtgW consumed 12192 of 200000 compute units
    Program F6NKeaoPbchYnbcJZ5YSAqfMcHuP7GLExTuDK3qmgtgW success
Transaction executed in slot 15:
  Signature: 2E9qx73TbX4STBs9rXPvmCiD4m443UXKJw8tnRjqEhBTxpWAfgBWPLJywBp4ct7mMC1hxMHnp9WYhYu8cYqCZ3ya
  Status: Ok
  Log Messages:
    Program F6NKeaoPbchYnbcJZ5YSAqfMcHuP7GLExTuDK3qmgtgW invoke [1]
    Program log: Instruction: DislikeTweet
    Program 11111111111111111111111111111111 invoke [2]
    Program 11111111111111111111111111111111 success
    Program F6NKeaoPbchYnbcJZ5YSAqfMcHuP7GLExTuDK3qmgtgW consumed 10559 of 200000 compute units
    Program F6NKeaoPbchYnbcJZ5YSAqfMcHuP7GLExTuDK3qmgtgW success
Transaction executed in slot 16:
  Signature: xxHbAUxEFcSgpxPE9HypyHBoUfMrfRdXxj3Beto8UBYWaoRRWYSAxsWeTChbUJMDWhqNdF2Gk6YApxWkH3iLy4y
  Status: Ok
  Log Messages:
    Program F6NKeaoPbchYnbcJZ5YSAqfMcHuP7GLExTuDK3qmgtgW invoke [1]
    Program log: Instruction: LikeTweet
    Program 11111111111111111111111111111111 invoke [2]
    Program 11111111111111111111111111111111 success
    Program F6NKeaoPbchYnbcJZ5YSAqfMcHuP7GLExTuDK3qmgtgW consumed 16692 of 200000 compute units
    Program F6NKeaoPbchYnbcJZ5YSAqfMcHuP7GLExTuDK3qmgtgW success
Transaction executed in slot 17:
  Signature: yjnvURddZ1Z7CizPH3wGL4nxP5dzfr3dfyEmiD1Y2stGix2qf4x9S7ijiHW6f1KcNWcjhvKjS6RV3EFcf9SvqoA
  Status: Ok
  Log Messages:
    Program F6NKeaoPbchYnbcJZ5YSAqfMcHuP7GLExTuDK3qmgtgW invoke [1]
    Program log: Instruction: ReactionRemove
    Program F6NKeaoPbchYnbcJZ5YSAqfMcHuP7GLExTuDK3qmgtgW consumed 6537 of 200000 compute units
    Program F6NKeaoPbchYnbcJZ5YSAqfMcHuP7GLExTuDK3qmgtgW success
Transaction executed in slot 18:
  Signature: 54cndYHwRTb8nwB13uYcKFDHxxKgKq9uTpYWetfEgR21MpBeMmN6LEC5Ew1XckrRopxGVAsZdnSUDKaSPAjMUXSp
  Status: Ok
  Log Messages:
    Program F6NKeaoPbchYnbcJZ5YSAqfMcHuP7GLExTuDK3qmgtgW invoke [1]
    Program log: Instruction: LikeTweet
    Program 11111111111111111111111111111111 invoke [2]
    Program 11111111111111111111111111111111 success
    Program F6NKeaoPbchYnbcJZ5YSAqfMcHuP7GLExTuDK3qmgtgW consumed 10556 of 200000 compute units
    Program F6NKeaoPbchYnbcJZ5YSAqfMcHuP7GLExTuDK3qmgtgW success
Transaction executed in slot 19:
  Signature: 3s2ADSrFj4cy1SRKM4NdJPurH6k8dkEebmCzZ6MQW6Se4jCRmeYakcYaagtby4dxrMcDiHiZ8sC6wmUQMys5r9DG
  Status: Ok
  Log Messages:
    Program F6NKeaoPbchYnbcJZ5YSAqfMcHuP7GLExTuDK3qmgtgW invoke [1]
    Program log: Instruction: CommentTweet
    Program 11111111111111111111111111111111 invoke [2]
    Program 11111111111111111111111111111111 success
    Program F6NKeaoPbchYnbcJZ5YSAqfMcHuP7GLExTuDK3qmgtgW consumed 11008 of 200000 compute units
    Program F6NKeaoPbchYnbcJZ5YSAqfMcHuP7GLExTuDK3qmgtgW success
Transaction executed in slot 20:
  Signature: 3i5k8tPsHAhczCyHQaCCHNPaDP9sjHqURnkUnUifqBXfkwM36P8em3GTuUSr1nWkGfQYFyek7FMt6Uyx7NbHc9gK
  Status: Ok
  Log Messages:
    Program F6NKeaoPbchYnbcJZ5YSAqfMcHuP7GLExTuDK3qmgtgW invoke [1]
    Program log: Instruction: CommentTweet
    Program 11111111111111111111111111111111 invoke [2]
    Program 11111111111111111111111111111111 success
    Program F6NKeaoPbchYnbcJZ5YSAqfMcHuP7GLExTuDK3qmgtgW consumed 13596 of 200000 compute units
    Program F6NKeaoPbchYnbcJZ5YSAqfMcHuP7GLExTuDK3qmgtgW success
Transaction executed in slot 21:
  Signature: 5qHfeABkQBDPvpnjcotGvvidcWpSFDuo1uEAX7Vzo9oVap2CLrgwsDdNnbmzcHquzyq6HQMco6MVoRgRiXeoSqwY
  Status: Ok
  Log Messages:
    Program F6NKeaoPbchYnbcJZ5YSAqfMcHuP7GLExTuDK3qmgtgW invoke [1]
    Program log: Instruction: CommentTweet
    Program 11111111111111111111111111111111 invoke [2]
    Program 11111111111111111111111111111111 success
    Program F6NKeaoPbchYnbcJZ5YSAqfMcHuP7GLExTuDK3qmgtgW consumed 10699 of 200000 compute units
    Program F6NKeaoPbchYnbcJZ5YSAqfMcHuP7GLExTuDK3qmgtgW success
Transaction executed in slot 22:
  Signature: 3SGynKnMNr5Lg4bn7C2t83RGT2KB2ZUKKFiyGMhG2wQdPo2eP3GsfDsh6cuQTNGLem6LDCVSywgBkb7AJWVbcM74
  Status: Ok
  Log Messages:
    Program F6NKeaoPbchYnbcJZ5YSAqfMcHuP7GLExTuDK3qmgtgW invoke [1]
    Program log: Instruction: CommentTweet
    Program 11111111111111111111111111111111 invoke [2]
    Program 11111111111111111111111111111111 success
    Program F6NKeaoPbchYnbcJZ5YSAqfMcHuP7GLExTuDK3qmgtgW consumed 13178 of 200000 compute units
    Program F6NKeaoPbchYnbcJZ5YSAqfMcHuP7GLExTuDK3qmgtgW success
Transaction executed in slot 23:
  Signature: 3o45NWi2qhvpStRxeNrd1ThNLmx3hkaKnV3ci7Gtn6TRHVLX7LyAXsTV8C5fBMoLSKXCQ3J2SwGsur5mgJ9WbNn2
  Status: Ok
  Log Messages:
    Program F6NKeaoPbchYnbcJZ5YSAqfMcHuP7GLExTuDK3qmgtgW invoke [1]
    Program log: Instruction: CommentTweet
    Program 11111111111111111111111111111111 invoke [2]
    Program 11111111111111111111111111111111 success
    Program F6NKeaoPbchYnbcJZ5YSAqfMcHuP7GLExTuDK3qmgtgW consumed 14027 of 200000 compute units
    Program F6NKeaoPbchYnbcJZ5YSAqfMcHuP7GLExTuDK3qmgtgW success
Transaction executed in slot 24:
  Signature: YZefB9D7TrdSCZ6ZrMjG8NMjLRUowM7FtbSNTMdP2MbTRdyYTSZuuHHeQUNYnj8WhxpgKHHRZkbLqJogZJJb6X2
  Status: Ok
  Log Messages:
    Program F6NKeaoPbchYnbcJZ5YSAqfMcHuP7GLExTuDK3qmgtgW invoke [1]
    Program log: Instruction: CommentRemove
    Program F6NKeaoPbchYnbcJZ5YSAqfMcHuP7GLExTuDK3qmgtgW consumed 3615 of 200000 compute units
    Program F6NKeaoPbchYnbcJZ5YSAqfMcHuP7GLExTuDK3qmgtgW success
Transaction executed in slot 25:
  Signature: 59QNb19KQqGYA6uJhPbYA7YYi3LbDKuJDhEkRbv9rZRUoyS28XyH4uzqc46srpJBqKfZU4SWZHr6TFzD3BPoNbE
  Status: Ok
  Log Messages:
    Program F6NKeaoPbchYnbcJZ5YSAqfMcHuP7GLExTuDK3qmgtgW invoke [1]
    Program log: Instruction: CommentTweet
    Program 11111111111111111111111111111111 invoke [2]
    Program 11111111111111111111111111111111 success
    Program F6NKeaoPbchYnbcJZ5YSAqfMcHuP7GLExTuDK3qmgtgW consumed 11008 of 200000 compute units
    Program F6NKeaoPbchYnbcJZ5YSAqfMcHuP7GLExTuDK3qmgtgW success
Transaction executed in slot 26:
  Signature: 4xD728cAvjm5n4XMHPRBtA64eJF9GNsbwfV991GeGXdywu7FXegdAReuojuKGg1WLDejQQGyPNdvPVQxbdGhoqAq
  Status: Ok
  Log Messages:
    Program F6NKeaoPbchYnbcJZ5YSAqfMcHuP7GLExTuDK3qmgtgW invoke [1]
    Program log: Instruction: DislikeTweet
    Program 11111111111111111111111111111111 invoke [2]
    Program 11111111111111111111111111111111 success
    Program F6NKeaoPbchYnbcJZ5YSAqfMcHuP7GLExTuDK3qmgtgW consumed 10695 of 200000 compute units
    Program F6NKeaoPbchYnbcJZ5YSAqfMcHuP7GLExTuDK3qmgtgW success
Transaction executed in slot 27:
  Signature: 3m1tDnqavgsxaZDsw4gdcrYrtLHUUAXSA9XFAWdxw1tNuVe68aoQcnL8NAeeRpDD7i4be8t2RvrdA6Q1d5aywmdU
  Status: Ok
  Log Messages:
    Program F6NKeaoPbchYnbcJZ5YSAqfMcHuP7GLExTuDK3qmgtgW invoke [1]
    Program log: Instruction: CommentTweet
    Program 11111111111111111111111111111111 invoke [2]
    Program 11111111111111111111111111111111 success
    Program F6NKeaoPbchYnbcJZ5YSAqfMcHuP7GLExTuDK3qmgtgW consumed 14162 of 200000 compute units
    Program F6NKeaoPbchYnbcJZ5YSAqfMcHuP7GLExTuDK3qmgtgW success
